2025-08-22 05:28:24,555 INFO: User Service startup [in /app/app.py:46]
2025-08-22 05:28:24,674 INFO: Database initialized successfully [in /app/app.py:82]
2025-08-22 05:28:24,677 INFO: User Service application created successfully [in /app/app.py:168]
2025-08-22 05:28:24,678 INFO: Starting User Service on 0.0.0.0:8081 [in /app/app.py:178]
2025-08-22 05:30:40,070 WARNING: Not Found: http://localhost:8080/favicon.ico [in /app/app.py:119]
2025-08-25 17:43:36,185 INFO: User Service startup [in C:\Users\««≈Õ∆“\Desktop\user-service-code\app\app.py:60]
2025-08-25 17:43:36,206 ERROR: Database initialization failed: (sqlite3.OperationalError) unable to open database file
(Background on this error at: https://sqlalche.me/e/20/e3q8) [in C:\Users\««≈Õ∆“\Desktop\user-service-code\app\app.py:102]
2025-08-25 17:43:54,041 INFO: User Service startup [in C:\Users\««≈Õ∆“\Desktop\user-service-code\app\app.py:60]
2025-08-25 17:43:54,060 ERROR: Database initialization failed: (sqlite3.OperationalError) unable to open database file
(Background on this error at: https://sqlalche.me/e/20/e3q8) [in C:\Users\««≈Õ∆“\Desktop\user-service-code\app\app.py:102]
2025-08-25 17:44:08,369 INFO: User Service startup [in C:\Users\««≈Õ∆“\Desktop\user-service-code\app\app.py:60]
2025-08-25 17:44:08,401 ERROR: Database initialization failed: (sqlite3.OperationalError) unable to open database file
(Background on this error at: https://sqlalche.me/e/20/e3q8) [in C:\Users\««≈Õ∆“\Desktop\user-service-code\app\app.py:102]
2025-08-25 17:44:31,293 INFO: User Service startup [in C:\Users\««≈Õ∆“\Desktop\user-service-code\app\app.py:60]
2025-08-25 17:44:31,328 ERROR: Database initialization failed: (sqlite3.OperationalError) unable to open database file
(Background on this error at: https://sqlalche.me/e/20/e3q8) [in C:\Users\««≈Õ∆“\Desktop\user-service-code\app\app.py:109]
2025-08-25 17:44:31,328 WARNING: Continuing without database initialization [in C:\Users\««≈Õ∆“\Desktop\user-service-code\app\app.py:111]
2025-08-25 17:44:31,336 INFO: User Service application created successfully [in C:\Users\««≈Õ∆“\Desktop\user-service-code\app\app.py:198]
2025-08-25 17:44:31,337 INFO: Starting User Service on 0.0.0.0:8081 [in C:\Users\««≈Õ∆“\Desktop\user-service-code\app\app.py:208]
2025-08-25 17:45:50,001 INFO: User Service startup [in C:\Users\««≈Õ∆“\Desktop\user-service-code\app\app.py:60]
2025-08-25 17:45:50,023 ERROR: Database initialization failed: (sqlite3.OperationalError) unable to open database file
(Background on this error at: https://sqlalche.me/e/20/e3q8) [in C:\Users\««≈Õ∆“\Desktop\user-service-code\app\app.py:109]
2025-08-25 17:45:50,024 WARNING: Continuing without database initialization [in C:\Users\««≈Õ∆“\Desktop\user-service-code\app\app.py:111]
2025-08-25 17:45:50,028 INFO: User Service application created successfully [in C:\Users\««≈Õ∆“\Desktop\user-service-code\app\app.py:198]
2025-08-25 17:45:50,028 INFO: Starting User Service on 0.0.0.0:8081 [in C:\Users\««≈Õ∆“\Desktop\user-service-code\app\app.py:208]
2025-08-25 17:52:58,246 INFO: User Service startup [in C:\Users\««≈Õ∆“\Desktop\user-service-code\app\app.py:60]
2025-08-25 17:52:58,262 ERROR: Database initialization failed: (sqlite3.OperationalError) unable to open database file
(Background on this error at: https://sqlalche.me/e/20/e3q8) [in C:\Users\««≈Õ∆“\Desktop\user-service-code\app\app.py:109]
2025-08-25 17:52:58,262 WARNING: Continuing without database initialization [in C:\Users\««≈Õ∆“\Desktop\user-service-code\app\app.py:111]
2025-08-25 17:52:58,266 INFO: User Service application created successfully [in C:\Users\««≈Õ∆“\Desktop\user-service-code\app\app.py:198]
2025-08-25 17:52:58,266 INFO: Starting User Service on 0.0.0.0:8081 [in C:\Users\««≈Õ∆“\Desktop\user-service-code\app\app.py:208]
2025-08-25 17:54:04,618 INFO: User Service startup [in C:\Users\««≈Õ∆“\Desktop\user-service-code\app\app.py:60]
2025-08-25 17:54:04,661 ERROR: Database initialization failed: (sqlite3.OperationalError) unable to open database file
(Background on this error at: https://sqlalche.me/e/20/e3q8) [in C:\Users\««≈Õ∆“\Desktop\user-service-code\app\app.py:109]
2025-08-25 17:54:04,662 WARNING: Continuing without database initialization [in C:\Users\««≈Õ∆“\Desktop\user-service-code\app\app.py:111]
2025-08-25 17:54:04,671 INFO: User Service application created successfully [in C:\Users\««≈Õ∆“\Desktop\user-service-code\app\app.py:198]
2025-08-25 17:54:04,672 INFO: Starting User Service on 0.0.0.0:8081 [in C:\Users\««≈Õ∆“\Desktop\user-service-code\app\app.py:208]
2025-08-25 18:33:56,389 INFO: User Service startup [in C:\Users\««≈Õ∆“\Desktop\user-service-code\app\app.py:60]
2025-08-25 18:33:56,410 ERROR: Database initialization failed: (sqlite3.OperationalError) unable to open database file
(Background on this error at: https://sqlalche.me/e/20/e3q8) [in C:\Users\««≈Õ∆“\Desktop\user-service-code\app\app.py:109]
2025-08-25 18:33:56,410 WARNING: Continuing without database initialization [in C:\Users\««≈Õ∆“\Desktop\user-service-code\app\app.py:111]
2025-08-25 18:33:56,429 INFO: User Service application created successfully [in C:\Users\««≈Õ∆“\Desktop\user-service-code\app\app.py:198]
2025-08-25 18:33:56,429 INFO: Starting User Service on 0.0.0.0:8081 [in C:\Users\««≈Õ∆“\Desktop\user-service-code\app\app.py:208]
2025-08-25 19:08:24,278 INFO: User Service startup [in C:\Users\««≈Õ∆“\Desktop\user-service-code\app\app.py:60]
2025-08-25 19:08:24,288 ERROR: Database initialization failed: (sqlite3.OperationalError) unable to open database file
(Background on this error at: https://sqlalche.me/e/20/e3q8) [in C:\Users\««≈Õ∆“\Desktop\user-service-code\app\app.py:109]
2025-08-25 19:08:24,288 WARNING: Continuing without database initialization [in C:\Users\««≈Õ∆“\Desktop\user-service-code\app\app.py:111]
2025-08-25 19:08:24,292 INFO: User Service application created successfully [in C:\Users\««≈Õ∆“\Desktop\user-service-code\app\app.py:198]
2025-08-25 19:08:24,292 INFO: Starting User Service on 0.0.0.0:8081 [in C:\Users\««≈Õ∆“\Desktop\user-service-code\app\app.py:208]
2025-08-25 19:29:08,101 INFO: User Service startup [in C:\Users\««≈Õ∆“\Desktop\user-service-code\app\app.py:59]
2025-08-25 19:29:08,128 ERROR: Database initialization failed: (sqlite3.OperationalError) unable to open database file
(Background on this error at: https://sqlalche.me/e/20/e3q8) [in C:\Users\««≈Õ∆“\Desktop\user-service-code\app\app.py:105]
2025-08-25 19:29:08,128 WARNING: Continuing without database initialization [in C:\Users\««≈Õ∆“\Desktop\user-service-code\app\app.py:107]
2025-08-25 19:29:08,134 INFO: User Service application created successfully [in C:\Users\««≈Õ∆“\Desktop\user-service-code\app\app.py:194]
2025-08-25 19:29:08,136 INFO: Starting User Service on 0.0.0.0:8081 [in C:\Users\««≈Õ∆“\Desktop\user-service-code\app\app.py:204]
2025-08-25 19:31:58,830 INFO: User Service startup [in C:\Users\««≈Õ∆“\Desktop\user-service-code\app\app.py:59]
2025-08-25 19:31:58,849 ERROR: Database initialization failed: (sqlite3.OperationalError) unable to open database file
(Background on this error at: https://sqlalche.me/e/20/e3q8) [in C:\Users\««≈Õ∆“\Desktop\user-service-code\app\app.py:105]
2025-08-25 19:31:58,849 WARNING: Continuing without database initialization [in C:\Users\««≈Õ∆“\Desktop\user-service-code\app\app.py:107]
2025-08-25 19:31:58,853 INFO: User Service application created successfully [in C:\Users\««≈Õ∆“\Desktop\user-service-code\app\app.py:194]
2025-08-25 19:31:58,854 INFO: Starting User Service on 0.0.0.0:8081 [in C:\Users\««≈Õ∆“\Desktop\user-service-code\app\app.py:204]
2025-08-25 19:33:37,046 INFO: User Service startup [in C:\Users\««≈Õ∆“\Desktop\user-service-code\app\app.py:59]
2025-08-25 19:33:37,058 ERROR: Database initialization failed: (sqlite3.OperationalError) unable to open database file
(Background on this error at: https://sqlalche.me/e/20/e3q8) [in C:\Users\««≈Õ∆“\Desktop\user-service-code\app\app.py:105]
2025-08-25 19:33:37,059 WARNING: Continuing without database initialization [in C:\Users\««≈Õ∆“\Desktop\user-service-code\app\app.py:107]
2025-08-25 19:33:37,064 INFO: User Service application created successfully [in C:\Users\««≈Õ∆“\Desktop\user-service-code\app\app.py:194]
2025-08-25 19:33:37,064 INFO: Starting User Service on 0.0.0.0:8081 [in C:\Users\««≈Õ∆“\Desktop\user-service-code\app\app.py:204]
2025-08-25 19:48:59,300 INFO: User Service startup [in C:\Users\««≈Õ∆“\Desktop\user-service-code\app\app.py:59]
2025-08-25 19:48:59,309 ERROR: Database initialization failed: (sqlite3.OperationalError) unable to open database file
(Background on this error at: https://sqlalche.me/e/20/e3q8) [in C:\Users\««≈Õ∆“\Desktop\user-service-code\app\app.py:105]
2025-08-25 19:48:59,309 WARNING: Continuing without database initialization [in C:\Users\««≈Õ∆“\Desktop\user-service-code\app\app.py:107]
2025-08-25 19:48:59,309 INFO: User Service application created successfully [in C:\Users\««≈Õ∆“\Desktop\user-service-code\app\app.py:194]
2025-08-25 19:48:59,309 INFO: Starting User Service on 0.0.0.0:8081 [in C:\Users\««≈Õ∆“\Desktop\user-service-code\app\app.py:204]
2025-08-26 09:39:18,874 INFO: User Service startup [in C:\Users\««≈Õ∆“\Desktop\user-service-code\app\app.py:59]
2025-08-26 09:39:19,025 ERROR: Database initialization failed: (sqlite3.OperationalError) unable to open database file
(Background on this error at: https://sqlalche.me/e/20/e3q8) [in C:\Users\««≈Õ∆“\Desktop\user-service-code\app\app.py:105]
2025-08-26 09:39:19,028 WARNING: Continuing without database initialization [in C:\Users\««≈Õ∆“\Desktop\user-service-code\app\app.py:107]
2025-08-26 09:39:19,061 INFO: User Service application created successfully [in C:\Users\««≈Õ∆“\Desktop\user-service-code\app\app.py:194]
2025-08-26 09:39:19,062 INFO: Starting User Service on 0.0.0.0:8081 [in C:\Users\««≈Õ∆“\Desktop\user-service-code\app\app.py:204]
2025-08-26 10:12:06,804 INFO: User Service startup [in C:\Users\««≈Õ∆“\Desktop\user-service-code\app\app.py:59]
2025-08-26 10:12:06,821 ERROR: Database initialization failed: (sqlite3.OperationalError) unable to open database file
(Background on this error at: https://sqlalche.me/e/20/e3q8) [in C:\Users\««≈Õ∆“\Desktop\user-service-code\app\app.py:105]
2025-08-26 10:12:06,821 WARNING: Continuing without database initialization [in C:\Users\««≈Õ∆“\Desktop\user-service-code\app\app.py:107]
2025-08-26 10:12:06,824 INFO: User Service application created successfully [in C:\Users\««≈Õ∆“\Desktop\user-service-code\app\app.py:194]
2025-08-26 10:12:06,824 INFO: Starting User Service on 0.0.0.0:8081 [in C:\Users\««≈Õ∆“\Desktop\user-service-code\app\app.py:204]
